# JRE version: OpenJDK Runtime Environment (8.0_151-b12) (build 1.8.0_151-8u151-b12-0ubuntu0.17.10.2-b12)
# Java VM: OpenJDK 64-Bit Server VM (25.151-b12 mixed mode linux-amd64 compressed oops)
Heap:
 PSYoungGen      total 401920K, used 28399K [0x00000000e0000000, 0x00000000fe280000, 0x0000000100000000)
  eden space 342016K, 0% used [0x00000000e0000000,0x00000000e0000000,0x00000000f4e00000)
  from space 59904K, 47% used [0x00000000f9080000,0x00000000fac3bea8,0x00000000fcb00000)
  to   space 68096K, 0% used [0x00000000f4e00000,0x00000000f4e00000,0x00000000f9080000)
 ParOldGen       total 129536K, used 129306K [0x00000000a0000000, 0x00000000a7e80000, 0x00000000e0000000)
  object space 129536K, 99% used [0x00000000a0000000,0x00000000a7e469b8,0x00000000a7e80000)
 Metaspace       used 82192K, capacity 85224K, committed 85336K, reserved 1124352K
  class space    used 10388K, capacity 11083K, committed 11136K, reserved 1048576K
GC Heap History (10 events):
Event: 1177.419 GC heap after
Heap after GC invocations=22 (full 4):
 PSYoungGen      total 297472K, used 0K [0x00000000e0000000, 0x00000000f5480000, 0x0000000100000000)
  eden space 280064K, 0% used [0x00000000e0000000,0x00000000e0000000,0x00000000f1180000)
  from space 17408K, 0% used [0x00000000f4380000,0x00000000f4380000,0x00000000f5480000)
  to   space 32256K, 0% used [0x00000000f1580000,0x00000000f1580000,0x00000000f3500000)
 ParOldGen       total 129536K, used 64135K [0x00000000a0000000, 0x00000000a7e80000, 0x00000000e0000000)
  object space 129536K, 49% used [0x00000000a0000000,0x00000000a3ea1c58,0x00000000a7e80000)
 Metaspace       used 78620K, capacity 81494K, committed 81752K, reserved 1120256K
  class space    used 10067K, capacity 10758K, committed 10880K, reserved 1048576K
}
Event: 1186.353 GC heap before
{Heap before GC invocations=23 (full 4):
 PSYoungGen      total 297472K, used 280064K [0x00000000e0000000, 0x00000000f5480000, 0x0000000100000000)
  eden space 280064K, 100% used [0x00000000e0000000,0x00000000f1180000,0x00000000f1180000)
  from space 17408K, 0% used [0x00000000f4380000,0x00000000f4380000,0x00000000f5480000)
  to   space 32256K, 0% used [0x00000000f1580000,0x00000000f1580000,0x00000000f3500000)
 ParOldGen       total 129536K, used 64135K [0x00000000a0000000, 0x00000000a7e80000, 0x00000000e0000000)
  object space 129536K, 49% used [0x00000000a0000000,0x00000000a3ea1c58,0x00000000a7e80000)
 Metaspace       used 81876K, capacity 84928K, committed 85080K, reserved 1124352K
  class space    used 10390K, capacity 11089K, committed 11136K, reserved 1048576K
Event: 1186.382 GC heap after
Heap after GC invocations=23 (full 4):
 PSYoungGen      total 295936K, used 27006K [0x00000000e0000000, 0x00000000f4b80000, 0x0000000100000000)
  eden space 268800K, 0% used [0x00000000e0000000,0x00000000e0000000,0x00000000f0680000)
  from space 27136K, 99% used [0x00000000f1580000,0x00000000f2fdf838,0x00000000f3000000)
  to   space 28160K, 0% used [0x00000000f3000000,0x00000000f3000000,0x00000000f4b80000)
 ParOldGen       total 129536K, used 64399K [0x00000000a0000000, 0x00000000a7e80000, 0x00000000e0000000)
  object space 129536K, 49% used [0x00000000a0000000,0x00000000a3ee3c70,0x00000000a7e80000)
 Metaspace       used 81876K, capacity 84928K, committed 85080K, reserved 1124352K
  class space    used 10390K, capacity 11089K, committed 11136K, reserved 1048576K
}
Event: 1187.397 GC heap before
{Heap before GC invocations=24 (full 4):
 PSYoungGen      total 295936K, used 295806K [0x00000000e0000000, 0x00000000f4b80000, 0x0000000100000000)
  eden space 268800K, 100% used [0x00000000e0000000,0x00000000f0680000,0x00000000f0680000)
  from space 27136K, 99% used [0x00000000f1580000,0x00000000f2fdf838,0x00000000f3000000)
  to   space 28160K, 0% used [0x00000000f3000000,0x00000000f3000000,0x00000000f4b80000)
 ParOldGen       total 129536K, used 64399K [0x00000000a0000000, 0x00000000a7e80000, 0x00000000e0000000)
  object space 129536K, 49% used [0x00000000a0000000,0x00000000a3ee3c70,0x00000000a7e80000)
 Metaspace       used 81962K, capacity 84992K, committed 85080K, reserved 1124352K
  class space    used 10392K, capacity 11089K, committed 11136K, reserved 1048576K
Event: 1187.446 GC heap after
Heap after GC invocations=24 (full 4):
 PSYoungGen      total 291840K, used 28137K [0x00000000e0000000, 0x00000000fad00000, 0x0000000100000000)
  eden space 263680K, 0% used [0x00000000e0000000,0x00000000e0000000,0x00000000f0180000)
  from space 28160K, 99% used [0x00000000f3000000,0x00000000f4b7a560,0x00000000f4b80000)
  to   space 47616K, 0% used [0x00000000f0180000,0x00000000f0180000,0x00000000f3000000)
 ParOldGen       total 129536K, used 90049K [0x00000000a0000000, 0x00000000a7e80000, 0x00000000e0000000)
  object space 129536K, 69% used [0x00000000a0000000,0x00000000a57f0660,0x00000000a7e80000)
 Metaspace       used 81962K, capacity 84992K, committed 85080K, reserved 1124352K
  class space    used 10392K, capacity 11089K, committed 11136K, reserved 1048576K
}
Event: 1188.395 GC heap before
{Heap before GC invocations=25 (full 4):
 PSYoungGen      total 291840K, used 291817K [0x00000000e0000000, 0x00000000fad00000, 0x0000000100000000)
  eden space 263680K, 100% used [0x00000000e0000000,0x00000000f0180000,0x00000000f0180000)
  from space 28160K, 99% used [0x00000000f3000000,0x00000000f4b7a560,0x00000000f4b80000)
  to   space 47616K, 0% used [0x00000000f0180000,0x00000000f0180000,0x00000000f3000000)
 ParOldGen       total 129536K, used 90049K [0x00000000a0000000, 0x00000000a7e80000, 0x00000000e0000000)
  object space 129536K, 69% used [0x00000000a0000000,0x00000000a57f0660,0x00000000a7e80000)
 Metaspace       used 82087K, capacity 85120K, committed 85336K, reserved 1124352K
  class space    used 10392K, capacity 11089K, committed 11136K, reserved 1048576K
Event: 1188.465 GC heap after
Heap after GC invocations=25 (full 4):
 PSYoungGen      total 311296K, used 47607K [0x00000000e0000000, 0x00000000fcb00000, 0x0000000100000000)
  eden space 263680K, 0% used [0x00000000e0000000,0x00000000e0000000,0x00000000f0180000)
  from space 47616K, 99% used [0x00000000f0180000,0x00000000f2ffdda8,0x00000000f3000000)
  to   space 59904K, 0% used [0x00000000f9080000,0x00000000f9080000,0x00000000fcb00000)
 ParOldGen       total 129536K, used 101409K [0x00000000a0000000, 0x00000000a7e80000, 0x00000000e0000000)
  object space 129536K, 78% used [0x00000000a0000000,0x00000000a6308608,0x00000000a7e80000)
 Metaspace       used 82087K, capacity 85120K, committed 85336K, reserved 1124352K
  class space    used 10392K, capacity 11089K, committed 11136K, reserved 1048576K
}
Event: 1189.381 GC heap before
{Heap before GC invocations=26 (full 4):
 PSYoungGen      total 311296K, used 311287K [0x00000000e0000000, 0x00000000fcb00000, 0x0000000100000000)
  eden space 263680K, 100% used [0x00000000e0000000,0x00000000f0180000,0x00000000f0180000)
  from space 47616K, 99% used [0x00000000f0180000,0x00000000f2ffdda8,0x00000000f3000000)
  to   space 59904K, 0% used [0x00000000f9080000,0x00000000f9080000,0x00000000fcb00000)
 ParOldGen       total 129536K, used 101409K [0x00000000a0000000, 0x00000000a7e80000, 0x00000000e0000000)
  object space 129536K, 78% used [0x00000000a0000000,0x00000000a6308608,0x00000000a7e80000)
 Metaspace       used 82203K, capacity 85248K, committed 85336K, reserved 1124352K
  class space    used 10392K, capacity 11089K, committed 11136K, reserved 1048576K
Event: 1189.533 GC heap after
Heap after GC invocations=26 (full 4):
 PSYoungGen      total 401920K, used 54661K [0x00000000e0000000, 0x00000000fe280000, 0x0000000100000000)
  eden space 342016K, 0% used [0x00000000e0000000,0x00000000e0000000,0x00000000f4e00000)
  from space 59904K, 91% used [0x00000000f9080000,0x00000000fc5e16f8,0x00000000fcb00000)
  to   space 68096K, 0% used [0x00000000f4e00000,0x00000000f4e00000,0x00000000f9080000)
 ParOldGen       total 129536K, used 123044K [0x00000000a0000000, 0x00000000a7e80000, 0x00000000e0000000)
  object space 129536K, 94% used [0x00000000a0000000,0x00000000a7829028,0x00000000a7e80000)
 Metaspace       used 82203K, capacity 85248K, committed 85336K, reserved 1124352K
  class space    used 10392K, capacity 11089K, committed 11136K, reserved 1048576K
}
Event: 1189.569 GC heap before
{Heap before GC invocations=27 (full 5):
 PSYoungGen      total 401920K, used 54661K [0x00000000e0000000, 0x00000000fe280000, 0x0000000100000000)
  eden space 342016K, 0% used [0x00000000e0000000,0x00000000e0000000,0x00000000f4e00000)
  from space 59904K, 91% used [0x00000000f9080000,0x00000000fc5e16f8,0x00000000fcb00000)
  to   space 68096K, 0% used [0x00000000f4e00000,0x00000000f4e00000,0x00000000f9080000)
 ParOldGen       total 129536K, used 123044K [0x00000000a0000000, 0x00000000a7e80000, 0x00000000e0000000)
  object space 129536K, 94% used [0x00000000a0000000,0x00000000a7829028,0x00000000a7e80000)
 Metaspace       used 82203K, capacity 85248K, committed 85336K, reserved 1124352K
  class space    used 10392K, capacity 11089K, committed 11136K, reserved 1048576K

