# JRE version: OpenJDK Runtime Environment (8.0_151-b12) (build 1.8.0_151-8u151-b12-0ubuntu0.17.10.2-b12)
# Java VM: OpenJDK 64-Bit Server VM (25.151-b12 mixed mode linux-amd64 compressed oops)
Heap:
 PSYoungGen      total 422400K, used 33903K [0x00000000e0000000, 0x00000000fd200000, 0x0000000100000000)
  eden space 371712K, 0% used [0x00000000e0000000,0x00000000e0000000,0x00000000f6b00000)
  from space 50688K, 66% used [0x00000000f6b00000,0x00000000f8c1bcf8,0x00000000f9c80000)
  to   space 48640K, 0% used [0x00000000f9c80000,0x00000000f9c80000,0x00000000fcc00000)
 ParOldGen       total 181248K, used 148157K [0x00000000a0000000, 0x00000000ab100000, 0x00000000e0000000)
  object space 181248K, 81% used [0x00000000a0000000,0x00000000a90af7c8,0x00000000ab100000)
 Metaspace       used 55887K, capacity 57596K, committed 57816K, reserved 1099776K
  class space    used 7461K, capacity 7901K, committed 7936K, reserved 1048576K
GC Heap History (10 events):
Event: 15.064 GC heap after
Heap after GC invocations=18 (full 3):
 PSYoungGen      total 251392K, used 28664K [0x00000000e0000000, 0x00000000f8200000, 0x0000000100000000)
  eden space 222720K, 0% used [0x00000000e0000000,0x00000000e0000000,0x00000000ed980000)
  from space 28672K, 99% used [0x00000000ed980000,0x00000000ef57e300,0x00000000ef580000)
  to   space 41984K, 0% used [0x00000000f5900000,0x00000000f5900000,0x00000000f8200000)
 ParOldGen       total 102400K, used 74924K [0x00000000a0000000, 0x00000000a6400000, 0x00000000e0000000)
  object space 102400K, 73% used [0x00000000a0000000,0x00000000a492b210,0x00000000a6400000)
 Metaspace       used 55019K, capacity 56730K, committed 57048K, reserved 1097728K
  class space    used 7437K, capacity 7868K, committed 7936K, reserved 1048576K
}
Event: 15.994 GC heap before
{Heap before GC invocations=19 (full 3):
 PSYoungGen      total 251392K, used 251384K [0x00000000e0000000, 0x00000000f8200000, 0x0000000100000000)
  eden space 222720K, 100% used [0x00000000e0000000,0x00000000ed980000,0x00000000ed980000)
  from space 28672K, 99% used [0x00000000ed980000,0x00000000ef57e300,0x00000000ef580000)
  to   space 41984K, 0% used [0x00000000f5900000,0x00000000f5900000,0x00000000f8200000)
 ParOldGen       total 102400K, used 74924K [0x00000000a0000000, 0x00000000a6400000, 0x00000000e0000000)
  object space 102400K, 73% used [0x00000000a0000000,0x00000000a492b210,0x00000000a6400000)
 Metaspace       used 55127K, capacity 56858K, committed 57048K, reserved 1097728K
  class space    used 7443K, capacity 7868K, committed 7936K, reserved 1048576K
Event: 16.152 GC heap after
Heap after GC invocations=19 (full 3):
 PSYoungGen      total 351744K, used 26904K [0x00000000e0000000, 0x00000000f8e80000, 0x0000000100000000)
  eden space 309760K, 0% used [0x00000000e0000000,0x00000000e0000000,0x00000000f2e80000)
  from space 41984K, 64% used [0x00000000f5900000,0x00000000f7346250,0x00000000f8200000)
  to   space 43520K, 0% used [0x00000000f2e80000,0x00000000f2e80000,0x00000000f5900000)
 ParOldGen       total 102912K, used 102558K [0x00000000a0000000, 0x00000000a6480000, 0x00000000e0000000)
  object space 102912K, 99% used [0x00000000a0000000,0x00000000a6427a38,0x00000000a6480000)
 Metaspace       used 55127K, capacity 56858K, committed 57048K, reserved 1097728K
  class space    used 7443K, capacity 7868K, committed 7936K, reserved 1048576K
}
Event: 16.152 GC heap before
{Heap before GC invocations=20 (full 4):
 PSYoungGen      total 351744K, used 26904K [0x00000000e0000000, 0x00000000f8e80000, 0x0000000100000000)
  eden space 309760K, 0% used [0x00000000e0000000,0x00000000e0000000,0x00000000f2e80000)
  from space 41984K, 64% used [0x00000000f5900000,0x00000000f7346250,0x00000000f8200000)
  to   space 43520K, 0% used [0x00000000f2e80000,0x00000000f2e80000,0x00000000f5900000)
 ParOldGen       total 102912K, used 102558K [0x00000000a0000000, 0x00000000a6480000, 0x00000000e0000000)
  object space 102912K, 99% used [0x00000000a0000000,0x00000000a6427a38,0x00000000a6480000)
 Metaspace       used 55127K, capacity 56858K, committed 57048K, reserved 1097728K
  class space    used 7443K, capacity 7868K, committed 7936K, reserved 1048576K
Event: 17.015 GC heap after
Heap after GC invocations=20 (full 4):
 PSYoungGen      total 351744K, used 21035K [0x00000000e0000000, 0x00000000f8e80000, 0x0000000100000000)
  eden space 309760K, 0% used [0x00000000e0000000,0x00000000e0000000,0x00000000f2e80000)
  from space 41984K, 50% used [0x00000000f5900000,0x00000000f6d8ac90,0x00000000f8200000)
  to   space 43520K, 0% used [0x00000000f2e80000,0x00000000f2e80000,0x00000000f5900000)
 ParOldGen       total 181248K, used 102597K [0x00000000a0000000, 0x00000000ab100000, 0x00000000e0000000)
  object space 181248K, 56% used [0x00000000a0000000,0x00000000a6431638,0x00000000ab100000)
 Metaspace       used 55127K, capacity 56858K, committed 57048K, reserved 1097728K
  class space    used 7443K, capacity 7868K, committed 7936K, reserved 1048576K
}
Event: 20.151 GC heap before
{Heap before GC invocations=21 (full 4):
 PSYoungGen      total 351744K, used 330795K [0x00000000e0000000, 0x00000000f8e80000, 0x0000000100000000)
  eden space 309760K, 100% used [0x00000000e0000000,0x00000000f2e80000,0x00000000f2e80000)
  from space 41984K, 50% used [0x00000000f5900000,0x00000000f6d8ac90,0x00000000f8200000)
  to   space 43520K, 0% used [0x00000000f2e80000,0x00000000f2e80000,0x00000000f5900000)
 ParOldGen       total 181248K, used 102597K [0x00000000a0000000, 0x00000000ab100000, 0x00000000e0000000)
  object space 181248K, 56% used [0x00000000a0000000,0x00000000a6431638,0x00000000ab100000)
 Metaspace       used 55677K, capacity 57404K, committed 57560K, reserved 1099776K
  class space    used 7459K, capacity 7901K, committed 7936K, reserved 1048576K
Event: 20.731 GC heap after
Heap after GC invocations=21 (full 4):
 PSYoungGen      total 353280K, used 37634K [0x00000000e0000000, 0x00000000fcc00000, 0x0000000100000000)
  eden space 309760K, 0% used [0x00000000e0000000,0x00000000e0000000,0x00000000f2e80000)
  from space 43520K, 86% used [0x00000000f2e80000,0x00000000f53409e0,0x00000000f5900000)
  to   space 48640K, 0% used [0x00000000f9c80000,0x00000000f9c80000,0x00000000fcc00000)
 ParOldGen       total 181248K, used 111296K [0x00000000a0000000, 0x00000000ab100000, 0x00000000e0000000)
  object space 181248K, 61% used [0x00000000a0000000,0x00000000a6cb0118,0x00000000ab100000)
 Metaspace       used 55677K, capacity 57404K, committed 57560K, reserved 1099776K
  class space    used 7459K, capacity 7901K, committed 7936K, reserved 1048576K
}
Event: 22.614 GC heap before
{Heap before GC invocations=22 (full 4):
 PSYoungGen      total 353280K, used 347394K [0x00000000e0000000, 0x00000000fcc00000, 0x0000000100000000)
  eden space 309760K, 100% used [0x00000000e0000000,0x00000000f2e80000,0x00000000f2e80000)
  from space 43520K, 86% used [0x00000000f2e80000,0x00000000f53409e0,0x00000000f5900000)
  to   space 48640K, 0% used [0x00000000f9c80000,0x00000000f9c80000,0x00000000fcc00000)
 ParOldGen       total 181248K, used 111296K [0x00000000a0000000, 0x00000000ab100000, 0x00000000e0000000)
  object space 181248K, 61% used [0x00000000a0000000,0x00000000a6cb0118,0x00000000ab100000)
 Metaspace       used 55798K, capacity 57468K, committed 57560K, reserved 1099776K
  class space    used 7461K, capacity 7901K, committed 7936K, reserved 1048576K
Event: 22.869 GC heap after
Heap after GC invocations=22 (full 4):
 PSYoungGen      total 420352K, used 31854K [0x00000000e0000000, 0x00000000fd200000, 0x0000000100000000)
  eden space 371712K, 0% used [0x00000000e0000000,0x00000000e0000000,0x00000000f6b00000)
  from space 48640K, 65% used [0x00000000f9c80000,0x00000000fbb9ba08,0x00000000fcc00000)
  to   space 50688K, 0% used [0x00000000f6b00000,0x00000000f6b00000,0x00000000f9c80000)
 ParOldGen       total 181248K, used 135835K [0x00000000a0000000, 0x00000000ab100000, 0x00000000e0000000)
  object space 181248K, 74% used [0x00000000a0000000,0x00000000a84a6fc0,0x00000000ab100000)
 Metaspace       used 55798K, capacity 57468K, committed 57560K, reserved 1099776K
  class space    used 7461K, capacity 7901K, committed 7936K, reserved 1048576K
}
Event: 24.436 GC heap before
{Heap before GC invocations=23 (full 4):
 PSYoungGen      total 420352K, used 403566K [0x00000000e0000000, 0x00000000fd200000, 0x0000000100000000)
  eden space 371712K, 100% used [0x00000000e0000000,0x00000000f6b00000,0x00000000f6b00000)
  from space 48640K, 65% used [0x00000000f9c80000,0x00000000fbb9ba08,0x00000000fcc00000)
  to   space 50688K, 0% used [0x00000000f6b00000,0x00000000f6b00000,0x00000000f9c80000)
 ParOldGen       total 181248K, used 135835K [0x00000000a0000000, 0x00000000ab100000, 0x00000000e0000000)
  object space 181248K, 74% used [0x00000000a0000000,0x00000000a84a6fc0,0x00000000ab100000)
 Metaspace       used 55887K, capacity 57596K, committed 57816K, reserved 1099776K
  class space    used 7461K, capacity 7901K, committed 7936K, reserved 1048576K

